<?xml version="1.0" encoding="UTF-8"?>
<!-- Generated by org.testng.reporters.JUnitReportReporter -->
<testsuite hostname="DESKTOP-MF5FJ0L" failures="0" tests="4" name="Day1.HttpRequests" time="6.728" errors="0" timestamp="2025-02-06T12:04:43 IST" skipped="0">
  <testcase classname="Day1.HttpRequests" name="listUsers" time="4.135"/>
  <system-out/>
  <testcase classname="Day1.HttpRequests" name="createUser" time="1.192"/>
  <system-out/>
  <testcase classname="Day1.HttpRequests" name="updateUser" time="0.682"/>
  <system-out/>
  <testcase classname="Day1.HttpRequests" name="deleteUser" time="0.719"/>
  <system-out/>
</testsuite> <!-- Day1.HttpRequests -->
